<?xml version="1.0" encoding="UTF-8"?>
<testsuite name="com.example.ApplicationTest" tests="1" skipped="0" failures="0" errors="0" timestamp="2021-12-17T22:10:33" hostname="DESKTOP-2KQDADM" time="0.609">
  <properties/>
  <testcase name="testRoot" classname="com.example.ApplicationTest" time="0.609"/>
  <system-out><![CDATA[2021-12-17 22:10:34.030 [Test worker] INFO  ktor.test - Autoreload is disabled because the development mode is off.
2021-12-17 22:10:34.042 [Test worker] INFO  ktor.test - Application started in 0.1 seconds.
]]></system-out>
  <system-err><![CDATA[]]></system-err>
</testsuite>
